<?xml version="1.0" encoding="UTF-8"?>
<!-- Generated by org.testng.reporters.JUnitReportReporter -->
<testsuite hostname="DESKTOP-KT46ULE" failures="0" tests="1" name="github.GithubTest" time="0.001" errors="0" timestamp="2025-10-07T14:36:58 IST" skipped="0">
  <testcase classname="github.GithubTest" name="praticeGithubTest" time="0.001">
    <system-out>
      <![CDATA[Hii Github]]>
    </system-out>
  </testcase> <!-- praticeGithubTest -->
  <system-out>
    <![CDATA[Hii Maven
Hii jenkins
Bye jenkins
Hii Github]]>
  </system-out>
</testsuite> <!-- github.GithubTest -->
