<?xml version="1.0" encoding="UTF-8"?>
<!-- Generated by org.testng.reporters.JUnitReportReporter -->
<testsuite hostname="DESKTOP-KT46ULE" failures="0" tests="1" name="maven.MavenTest" time="0.010" errors="0" timestamp="2025-10-07T11:40:17 IST" skipped="0">
  <testcase classname="maven.MavenTest" name="practiceMavenTest" time="0.010">
    <system-out>
      <![CDATA[Hii Maven]]>
    </system-out>
  </testcase> <!-- practiceMavenTest -->
  <system-out>
    <![CDATA[Hii Maven
Hii jenkins
Hii Github]]>
  </system-out>
</testsuite> <!-- maven.MavenTest -->
