<?xml version="1.0" encoding="UTF-8"?>
<!-- Generated by org.testng.reporters.JUnitReportReporter -->
<testsuite hostname="DESKTOP-KT46ULE" failures="0" tests="1" name="jenkins.JenkinsTest" time="0.002" errors="0" timestamp="2025-10-07T11:40:17 IST" skipped="0">
  <testcase classname="jenkins.JenkinsTest" name="praticeJenkinTest" time="0.002">
    <system-out>
      <![CDATA[Hii jenkins]]>
    </system-out>
  </testcase> <!-- praticeJenkinTest -->
  <system-out>
    <![CDATA[Hii Maven
Hii jenkins
Hii Github]]>
  </system-out>
</testsuite> <!-- jenkins.JenkinsTest -->
